running on 128 cpus
choosing to run 4 processes
starting exp parametrized by: python3 train.py --init_health=5 --model=gnn --is_hybrid=True --conv_type=gcn --aggregation_fn=local --train_time=200 --embed_opt=True --hidden_size=169 --name=GCN_5hp_NOOPT_SEED0 --seed 0
starting exp parametrized by: python3 train.py --init_health=5 --model=gnn --is_hybrid=True --conv_type=gcn --aggregation_fn=local --train_time=200 --embed_opt=True --hidden_size=169 --name=GCN_5hp_NOOPT_SEED1 --seed 1
starting exp parametrized by: python3 train.py --init_health=5 --model=gnn --is_hybrid=True --conv_type=gcn --aggregation_fn=local --train_time=200 --embed_opt=True --hidden_size=169 --name=GCN_5hp_NOOPT_SEED2 --seed 2
starting exp parametrized by: python3 train.py --init_health=5 --model=gnn --is_hybrid=True --conv_type=gcn --aggregation_fn=local --train_time=200 --embed_opt=True --hidden_size=169 --name=GCN_5hp_NOOPT_SEED3 --seed 3
starting exp parametrized by: python3 train.py --init_health=5 --model=gnn --is_hybrid=True --conv_type=gcn --aggregation_fn=local --train_time=200 --embed_opt=True --hidden_size=169 --name=GCN_5hp_NOOPT_SEED4 --seed 4
starting exp parametrized by: python3 train.py --init_health=5 --model=gnn --is_hybrid=True --conv_type=gcn --aggregation_fn=local --train_time=200 --embed_opt=True --hidden_size=169 --name=GCN_5hp_NOOPT_SEED5 --seed 5
starting exp parametrized by: python3 train.py --init_health=5 --model=gnn --is_hybrid=True --conv_type=gcn --aggregation_fn=local --train_time=200 --embed_opt=True --hidden_size=169 --name=GCN_5hp_NOOPT_SEED6 --seed 6
starting exp parametrized by: python3 train.py --init_health=5 --model=gnn --is_hybrid=True --conv_type=gcn --aggregation_fn=local --train_time=200 --embed_opt=True --hidden_size=169 --name=GCN_5hp_NOOPT_SEED7 --seed 7
starting exp parametrized by: python3 train.py --init_health=5 --model=gnn --is_hybrid=True --conv_type=gcn --aggregation_fn=local --train_time=200 --embed_opt=True --hidden_size=169 --name=GCN_5hp_NOOPT_SEED8 --seed 8
starting exp parametrized by: python3 train.py --init_health=5 --model=gnn --is_hybrid=True --conv_type=gcn --aggregation_fn=local --train_time=200 --embed_opt=True --hidden_size=169 --name=GCN_5hp_NOOPT_SEED9 --seed 9
starting exp parametrized by: python3 train.py --init_health=5 --model=gnn --is_hybrid=True --conv_type=gcn --aggregation_fn=local --train_time=200 --embed_opt=True --hidden_size=169 --name=GCN_5hp_OPT_SEED0 --seed 0
starting exp parametrized by: python3 train.py --init_health=5 --model=gnn --is_hybrid=True --conv_type=gcn --aggregation_fn=local --train_time=200 --embed_opt=True --hidden_size=169 --name=GCN_5hp_OPT_SEED1 --seed 1
starting exp parametrized by: python3 train.py --init_health=5 --model=gnn --is_hybrid=True --conv_type=gcn --aggregation_fn=local --train_time=200 --embed_opt=True --hidden_size=169 --name=GCN_5hp_OPT_SEED2 --seed 2
starting exp parametrized by: python3 train.py --init_health=5 --model=gnn --is_hybrid=True --conv_type=gcn --aggregation_fn=local --train_time=200 --embed_opt=True --hidden_size=169 --name=GCN_5hp_OPT_SEED3 --seed 3
starting exp parametrized by: python3 train.py --init_health=5 --model=gnn --is_hybrid=True --conv_type=gcn --aggregation_fn=local --train_time=200 --embed_opt=True --hidden_size=169 --name=GCN_5hp_OPT_SEED4 --seed 4
starting exp parametrized by: python3 train.py --init_health=5 --model=gnn --is_hybrid=True --conv_type=gcn --aggregation_fn=local --train_time=200 --embed_opt=True --hidden_size=169 --name=GCN_5hp_OPT_SEED5 --seed 5
starting exp parametrized by: python3 train.py --init_health=5 --model=gnn --is_hybrid=True --conv_type=gcn --aggregation_fn=local --train_time=200 --embed_opt=True --hidden_size=169 --name=GCN_5hp_OPT_SEED6 --seed 6
starting exp parametrized by: python3 train.py --init_health=5 --model=gnn --is_hybrid=True --conv_type=gcn --aggregation_fn=local --train_time=200 --embed_opt=True --hidden_size=169 --name=GCN_5hp_OPT_SEED7 --seed 7
starting exp parametrized by: python3 train.py --init_health=5 --model=gnn --is_hybrid=True --conv_type=gcn --aggregation_fn=local --train_time=200 --embed_opt=True --hidden_size=169 --name=GCN_5hp_OPT_SEED8 --seed 8
starting exp parametrized by: python3 train.py --init_health=5 --model=gnn --is_hybrid=True --conv_type=gcn --aggregation_fn=local --train_time=200 --embed_opt=True --hidden_size=169 --name=GCN_5hp_OPT_SEED9 --seed 9
starting exp parametrized by: python3 train.py --init_health=5 --model=gnn --is_hybrid=True --conv_type=gcn --aggregation_fn=local --train_time=200 --embed_opt=True --hidden_size=169 --naughty=True --name=GCN_5hp_OPT_naughty_SEED0 --seed 0
starting exp parametrized by: python3 train.py --init_health=5 --model=gnn --is_hybrid=True --conv_type=gcn --aggregation_fn=local --train_time=200 --embed_opt=True --hidden_size=169 --naughty=True --name=GCN_5hp_OPT_naughty_SEED1 --seed 1
starting exp parametrized by: python3 train.py --init_health=5 --model=gnn --is_hybrid=True --conv_type=gcn --aggregation_fn=local --train_time=200 --embed_opt=True --hidden_size=169 --naughty=True --name=GCN_5hp_OPT_naughty_SEED2 --seed 2
starting exp parametrized by: python3 train.py --init_health=5 --model=gnn --is_hybrid=True --conv_type=gcn --aggregation_fn=local --train_time=200 --embed_opt=True --hidden_size=169 --naughty=True --name=GCN_5hp_OPT_naughty_SEED3 --seed 3
starting exp parametrized by: python3 train.py --init_health=5 --model=gnn --is_hybrid=True --conv_type=gcn --aggregation_fn=local --train_time=200 --embed_opt=True --hidden_size=169 --naughty=True --name=GCN_5hp_OPT_naughty_SEED4 --seed 4
starting exp parametrized by: python3 train.py --init_health=5 --model=gnn --is_hybrid=True --conv_type=gcn --aggregation_fn=local --train_time=200 --embed_opt=True --hidden_size=169 --naughty=True --name=GCN_5hp_OPT_naughty_SEED5 --seed 5
starting exp parametrized by: python3 train.py --init_health=5 --model=gnn --is_hybrid=True --conv_type=gcn --aggregation_fn=local --train_time=200 --embed_opt=True --hidden_size=169 --naughty=True --name=GCN_5hp_OPT_naughty_SEED6 --seed 6
starting exp parametrized by: python3 train.py --init_health=5 --model=gnn --is_hybrid=True --conv_type=gcn --aggregation_fn=local --train_time=200 --embed_opt=True --hidden_size=169 --naughty=True --name=GCN_5hp_OPT_naughty_SEED7 --seed 7
starting exp parametrized by: python3 train.py --init_health=5 --model=gnn --is_hybrid=True --conv_type=gcn --aggregation_fn=local --train_time=200 --embed_opt=True --hidden_size=169 --naughty=True --name=GCN_5hp_OPT_naughty_SEED8 --seed 8
starting exp parametrized by: python3 train.py --init_health=5 --model=gnn --is_hybrid=True --conv_type=gcn --aggregation_fn=local --train_time=200 --embed_opt=True --hidden_size=169 --naughty=True --name=GCN_5hp_OPT_naughty_SEED9 --seed 9
starting exp parametrized by: python3 train.py --init_health=2 --model=gnn --is_hybrid=True --conv_type=gcn --aggregation_fn=local --train_time=200 --embed_opt=True --hidden_size=169 --name=GCN_2hp_NOOPT_SEED0 --seed 0
starting exp parametrized by: python3 train.py --init_health=2 --model=gnn --is_hybrid=True --conv_type=gcn --aggregation_fn=local --train_time=200 --embed_opt=True --hidden_size=169 --name=GCN_2hp_NOOPT_SEED1 --seed 1
starting exp parametrized by: python3 train.py --init_health=2 --model=gnn --is_hybrid=True --conv_type=gcn --aggregation_fn=local --train_time=200 --embed_opt=True --hidden_size=169 --name=GCN_2hp_NOOPT_SEED2 --seed 2
starting exp parametrized by: python3 train.py --init_health=2 --model=gnn --is_hybrid=True --conv_type=gcn --aggregation_fn=local --train_time=200 --embed_opt=True --hidden_size=169 --name=GCN_2hp_NOOPT_SEED3 --seed 3
starting exp parametrized by: python3 train.py --init_health=2 --model=gnn --is_hybrid=True --conv_type=gcn --aggregation_fn=local --train_time=200 --embed_opt=True --hidden_size=169 --name=GCN_2hp_NOOPT_SEED4 --seed 4
starting exp parametrized by: python3 train.py --init_health=2 --model=gnn --is_hybrid=True --conv_type=gcn --aggregation_fn=local --train_time=200 --embed_opt=True --hidden_size=169 --name=GCN_2hp_NOOPT_SEED5 --seed 5
starting exp parametrized by: python3 train.py --init_health=2 --model=gnn --is_hybrid=True --conv_type=gcn --aggregation_fn=local --train_time=200 --embed_opt=True --hidden_size=169 --name=GCN_2hp_NOOPT_SEED6 --seed 6
starting exp parametrized by: python3 train.py --init_health=2 --model=gnn --is_hybrid=True --conv_type=gcn --aggregation_fn=local --train_time=200 --embed_opt=True --hidden_size=169 --name=GCN_2hp_NOOPT_SEED7 --seed 7
starting exp parametrized by: python3 train.py --init_health=2 --model=gnn --is_hybrid=True --conv_type=gcn --aggregation_fn=local --train_time=200 --embed_opt=True --hidden_size=169 --name=GCN_2hp_NOOPT_SEED8 --seed 8
starting exp parametrized by: python3 train.py --init_health=2 --model=gnn --is_hybrid=True --conv_type=gcn --aggregation_fn=local --train_time=200 --embed_opt=True --hidden_size=169 --name=GCN_2hp_NOOPT_SEED9 --seed 9
starting exp parametrized by: python3 train.py --init_health=2 --model=gnn --is_hybrid=True --conv_type=gcn --aggregation_fn=local --train_time=200 --embed_opt=True --hidden_size=169 --name=GCN_2hp_OPT_SEED0 --seed 0
starting exp parametrized by: python3 train.py --init_health=2 --model=gnn --is_hybrid=True --conv_type=gcn --aggregation_fn=local --train_time=200 --embed_opt=True --hidden_size=169 --name=GCN_2hp_OPT_SEED1 --seed 1
starting exp parametrized by: python3 train.py --init_health=2 --model=gnn --is_hybrid=True --conv_type=gcn --aggregation_fn=local --train_time=200 --embed_opt=True --hidden_size=169 --name=GCN_2hp_OPT_SEED2 --seed 2
starting exp parametrized by: python3 train.py --init_health=2 --model=gnn --is_hybrid=True --conv_type=gcn --aggregation_fn=local --train_time=200 --embed_opt=True --hidden_size=169 --name=GCN_2hp_OPT_SEED3 --seed 3
starting exp parametrized by: python3 train.py --init_health=2 --model=gnn --is_hybrid=True --conv_type=gcn --aggregation_fn=local --train_time=200 --embed_opt=True --hidden_size=169 --name=GCN_2hp_OPT_SEED4 --seed 4
starting exp parametrized by: python3 train.py --init_health=2 --model=gnn --is_hybrid=True --conv_type=gcn --aggregation_fn=local --train_time=200 --embed_opt=True --hidden_size=169 --name=GCN_2hp_OPT_SEED5 --seed 5
starting exp parametrized by: python3 train.py --init_health=2 --model=gnn --is_hybrid=True --conv_type=gcn --aggregation_fn=local --train_time=200 --embed_opt=True --hidden_size=169 --name=GCN_2hp_OPT_SEED6 --seed 6
starting exp parametrized by: python3 train.py --init_health=2 --model=gnn --is_hybrid=True --conv_type=gcn --aggregation_fn=local --train_time=200 --embed_opt=True --hidden_size=169 --name=GCN_2hp_OPT_SEED7 --seed 7
starting exp parametrized by: python3 train.py --init_health=2 --model=gnn --is_hybrid=True --conv_type=gcn --aggregation_fn=local --train_time=200 --embed_opt=True --hidden_size=169 --name=GCN_2hp_OPT_SEED8 --seed 8
starting exp parametrized by: python3 train.py --init_health=2 --model=gnn --is_hybrid=True --conv_type=gcn --aggregation_fn=local --train_time=200 --embed_opt=True --hidden_size=169 --name=GCN_2hp_OPT_SEED9 --seed 9
starting exp parametrized by: python3 train.py --init_health=2 --model=gnn --is_hybrid=True --conv_type=gcn --aggregation_fn=local --train_time=200 --embed_opt=True --hidden_size=169 --naughty=True --name=GCN_2hp_OPT_naughty_SEED0 --seed 0
starting exp parametrized by: python3 train.py --init_health=2 --model=gnn --is_hybrid=True --conv_type=gcn --aggregation_fn=local --train_time=200 --embed_opt=True --hidden_size=169 --naughty=True --name=GCN_2hp_OPT_naughty_SEED1 --seed 1
starting exp parametrized by: python3 train.py --init_health=2 --model=gnn --is_hybrid=True --conv_type=gcn --aggregation_fn=local --train_time=200 --embed_opt=True --hidden_size=169 --naughty=True --name=GCN_2hp_OPT_naughty_SEED2 --seed 2
starting exp parametrized by: python3 train.py --init_health=2 --model=gnn --is_hybrid=True --conv_type=gcn --aggregation_fn=local --train_time=200 --embed_opt=True --hidden_size=169 --naughty=True --name=GCN_2hp_OPT_naughty_SEED3 --seed 3
starting exp parametrized by: python3 train.py --init_health=2 --model=gnn --is_hybrid=True --conv_type=gcn --aggregation_fn=local --train_time=200 --embed_opt=True --hidden_size=169 --naughty=True --name=GCN_2hp_OPT_naughty_SEED4 --seed 4
starting exp parametrized by: python3 train.py --init_health=2 --model=gnn --is_hybrid=True --conv_type=gcn --aggregation_fn=local --train_time=200 --embed_opt=True --hidden_size=169 --naughty=True --name=GCN_2hp_OPT_naughty_SEED5 --seed 5
starting exp parametrized by: python3 train.py --init_health=2 --model=gnn --is_hybrid=True --conv_type=gcn --aggregation_fn=local --train_time=200 --embed_opt=True --hidden_size=169 --naughty=True --name=GCN_2hp_OPT_naughty_SEED6 --seed 6
starting exp parametrized by: python3 train.py --init_health=2 --model=gnn --is_hybrid=True --conv_type=gcn --aggregation_fn=local --train_time=200 --embed_opt=True --hidden_size=169 --naughty=True --name=GCN_2hp_OPT_naughty_SEED7 --seed 7
starting exp parametrized by: python3 train.py --init_health=2 --model=gnn --is_hybrid=True --conv_type=gcn --aggregation_fn=local --train_time=200 --embed_opt=True --hidden_size=169 --naughty=True --name=GCN_2hp_OPT_naughty_SEED8 --seed 8
starting exp parametrized by: python3 train.py --init_health=2 --model=gnn --is_hybrid=True --conv_type=gcn --aggregation_fn=local --train_time=200 --embed_opt=True --hidden_size=169 --naughty=True --name=GCN_2hp_OPT_naughty_SEED9 --seed 9
starting exp parametrized by: python3 train.py --init_health=20 --model=gnn --is_hybrid=True --conv_type=gcn --aggregation_fn=local --train_time=200 --embed_opt=True --hidden_size=169 --name=GCN_20hp_NOOPT_SEED0 --seed 0
starting exp parametrized by: python3 train.py --init_health=20 --model=gnn --is_hybrid=True --conv_type=gcn --aggregation_fn=local --train_time=200 --embed_opt=True --hidden_size=169 --name=GCN_20hp_NOOPT_SEED1 --seed 1
starting exp parametrized by: python3 train.py --init_health=20 --model=gnn --is_hybrid=True --conv_type=gcn --aggregation_fn=local --train_time=200 --embed_opt=True --hidden_size=169 --name=GCN_20hp_NOOPT_SEED2 --seed 2
starting exp parametrized by: python3 train.py --init_health=20 --model=gnn --is_hybrid=True --conv_type=gcn --aggregation_fn=local --train_time=200 --embed_opt=True --hidden_size=169 --name=GCN_20hp_NOOPT_SEED3 --seed 3
starting exp parametrized by: python3 train.py --init_health=20 --model=gnn --is_hybrid=True --conv_type=gcn --aggregation_fn=local --train_time=200 --embed_opt=True --hidden_size=169 --name=GCN_20hp_NOOPT_SEED4 --seed 4
starting exp parametrized by: python3 train.py --init_health=20 --model=gnn --is_hybrid=True --conv_type=gcn --aggregation_fn=local --train_time=200 --embed_opt=True --hidden_size=169 --name=GCN_20hp_NOOPT_SEED5 --seed 5
starting exp parametrized by: python3 train.py --init_health=20 --model=gnn --is_hybrid=True --conv_type=gcn --aggregation_fn=local --train_time=200 --embed_opt=True --hidden_size=169 --name=GCN_20hp_NOOPT_SEED6 --seed 6
starting exp parametrized by: python3 train.py --init_health=20 --model=gnn --is_hybrid=True --conv_type=gcn --aggregation_fn=local --train_time=200 --embed_opt=True --hidden_size=169 --name=GCN_20hp_NOOPT_SEED7 --seed 7
starting exp parametrized by: python3 train.py --init_health=20 --model=gnn --is_hybrid=True --conv_type=gcn --aggregation_fn=local --train_time=200 --embed_opt=True --hidden_size=169 --name=GCN_20hp_NOOPT_SEED8 --seed 8
starting exp parametrized by: python3 train.py --init_health=20 --model=gnn --is_hybrid=True --conv_type=gcn --aggregation_fn=local --train_time=200 --embed_opt=True --hidden_size=169 --name=GCN_20hp_NOOPT_SEED9 --seed 9
starting exp parametrized by: python3 train.py --init_health=20 --model=gnn --is_hybrid=True --conv_type=gcn --aggregation_fn=local --train_time=200 --embed_opt=True --hidden_size=169 --name=GCN_20hp_OPT_SEED0 --seed 0
starting exp parametrized by: python3 train.py --init_health=20 --model=gnn --is_hybrid=True --conv_type=gcn --aggregation_fn=local --train_time=200 --embed_opt=True --hidden_size=169 --name=GCN_20hp_OPT_SEED1 --seed 1
starting exp parametrized by: python3 train.py --init_health=20 --model=gnn --is_hybrid=True --conv_type=gcn --aggregation_fn=local --train_time=200 --embed_opt=True --hidden_size=169 --name=GCN_20hp_OPT_SEED2 --seed 2
starting exp parametrized by: python3 train.py --init_health=20 --model=gnn --is_hybrid=True --conv_type=gcn --aggregation_fn=local --train_time=200 --embed_opt=True --hidden_size=169 --name=GCN_20hp_OPT_SEED3 --seed 3
starting exp parametrized by: python3 train.py --init_health=20 --model=gnn --is_hybrid=True --conv_type=gcn --aggregation_fn=local --train_time=200 --embed_opt=True --hidden_size=169 --name=GCN_20hp_OPT_SEED4 --seed 4
starting exp parametrized by: python3 train.py --init_health=20 --model=gnn --is_hybrid=True --conv_type=gcn --aggregation_fn=local --train_time=200 --embed_opt=True --hidden_size=169 --name=GCN_20hp_OPT_SEED5 --seed 5
starting exp parametrized by: python3 train.py --init_health=20 --model=gnn --is_hybrid=True --conv_type=gcn --aggregation_fn=local --train_time=200 --embed_opt=True --hidden_size=169 --name=GCN_20hp_OPT_SEED6 --seed 6
starting exp parametrized by: python3 train.py --init_health=20 --model=gnn --is_hybrid=True --conv_type=gcn --aggregation_fn=local --train_time=200 --embed_opt=True --hidden_size=169 --name=GCN_20hp_OPT_SEED7 --seed 7
starting exp parametrized by: python3 train.py --init_health=20 --model=gnn --is_hybrid=True --conv_type=gcn --aggregation_fn=local --train_time=200 --embed_opt=True --hidden_size=169 --name=GCN_20hp_OPT_SEED8 --seed 8
starting exp parametrized by: python3 train.py --init_health=20 --model=gnn --is_hybrid=True --conv_type=gcn --aggregation_fn=local --train_time=200 --embed_opt=True --hidden_size=169 --name=GCN_20hp_OPT_SEED9 --seed 9
starting exp parametrized by: python3 train.py --init_health=20 --model=gnn --is_hybrid=True --conv_type=gcn --aggregation_fn=local --train_time=200 --embed_opt=True --hidden_size=169 --naughty=True --name=GCN_20hp_OPT_naughty_SEED0 --seed 0
starting exp parametrized by: python3 train.py --init_health=20 --model=gnn --is_hybrid=True --conv_type=gcn --aggregation_fn=local --train_time=200 --embed_opt=True --hidden_size=169 --naughty=True --name=GCN_20hp_OPT_naughty_SEED1 --seed 1
starting exp parametrized by: python3 train.py --init_health=20 --model=gnn --is_hybrid=True --conv_type=gcn --aggregation_fn=local --train_time=200 --embed_opt=True --hidden_size=169 --naughty=True --name=GCN_20hp_OPT_naughty_SEED2 --seed 2
starting exp parametrized by: python3 train.py --init_health=20 --model=gnn --is_hybrid=True --conv_type=gcn --aggregation_fn=local --train_time=200 --embed_opt=True --hidden_size=169 --naughty=True --name=GCN_20hp_OPT_naughty_SEED3 --seed 3
starting exp parametrized by: python3 train.py --init_health=20 --model=gnn --is_hybrid=True --conv_type=gcn --aggregation_fn=local --train_time=200 --embed_opt=True --hidden_size=169 --naughty=True --name=GCN_20hp_OPT_naughty_SEED4 --seed 4
starting exp parametrized by: python3 train.py --init_health=20 --model=gnn --is_hybrid=True --conv_type=gcn --aggregation_fn=local --train_time=200 --embed_opt=True --hidden_size=169 --naughty=True --name=GCN_20hp_OPT_naughty_SEED5 --seed 5
starting exp parametrized by: python3 train.py --init_health=20 --model=gnn --is_hybrid=True --conv_type=gcn --aggregation_fn=local --train_time=200 --embed_opt=True --hidden_size=169 --naughty=True --name=GCN_20hp_OPT_naughty_SEED6 --seed 6
starting exp parametrized by: python3 train.py --init_health=20 --model=gnn --is_hybrid=True --conv_type=gcn --aggregation_fn=local --train_time=200 --embed_opt=True --hidden_size=169 --naughty=True --name=GCN_20hp_OPT_naughty_SEED7 --seed 7
starting exp parametrized by: python3 train.py --init_health=20 --model=gnn --is_hybrid=True --conv_type=gcn --aggregation_fn=local --train_time=200 --embed_opt=True --hidden_size=169 --naughty=True --name=GCN_20hp_OPT_naughty_SEED8 --seed 8
starting exp parametrized by: python3 train.py --init_health=20 --model=gnn --is_hybrid=True --conv_type=gcn --aggregation_fn=local --train_time=200 --embed_opt=True --hidden_size=169 --naughty=True --name=GCN_20hp_OPT_naughty_SEED9 --seed 9
starting exp parametrized by: python3 train.py --n_red=2 --n_blue=2 --init_health=5 --model=gnn --is_hybrid=True --conv_type=gcn --aggregation_fn=local --train_time=200 --embed_opt=True --hidden_size=169 --name=GCN_5hp_2r2b_NOOPT_SEED0 --seed 0
starting exp parametrized by: python3 train.py --n_red=2 --n_blue=2 --init_health=5 --model=gnn --is_hybrid=True --conv_type=gcn --aggregation_fn=local --train_time=200 --embed_opt=True --hidden_size=169 --name=GCN_5hp_2r2b_NOOPT_SEED1 --seed 1
starting exp parametrized by: python3 train.py --n_red=2 --n_blue=2 --init_health=5 --model=gnn --is_hybrid=True --conv_type=gcn --aggregation_fn=local --train_time=200 --embed_opt=True --hidden_size=169 --name=GCN_5hp_2r2b_NOOPT_SEED2 --seed 2
starting exp parametrized by: python3 train.py --n_red=2 --n_blue=2 --init_health=5 --model=gnn --is_hybrid=True --conv_type=gcn --aggregation_fn=local --train_time=200 --embed_opt=True --hidden_size=169 --name=GCN_5hp_2r2b_NOOPT_SEED3 --seed 3
starting exp parametrized by: python3 train.py --n_red=2 --n_blue=2 --init_health=5 --model=gnn --is_hybrid=True --conv_type=gcn --aggregation_fn=local --train_time=200 --embed_opt=True --hidden_size=169 --name=GCN_5hp_2r2b_NOOPT_SEED4 --seed 4
starting exp parametrized by: python3 train.py --n_red=2 --n_blue=2 --init_health=5 --model=gnn --is_hybrid=True --conv_type=gcn --aggregation_fn=local --train_time=200 --embed_opt=True --hidden_size=169 --name=GCN_5hp_2r2b_NOOPT_SEED5 --seed 5
starting exp parametrized by: python3 train.py --n_red=2 --n_blue=2 --init_health=5 --model=gnn --is_hybrid=True --conv_type=gcn --aggregation_fn=local --train_time=200 --embed_opt=True --hidden_size=169 --name=GCN_5hp_2r2b_NOOPT_SEED6 --seed 6
starting exp parametrized by: python3 train.py --n_red=2 --n_blue=2 --init_health=5 --model=gnn --is_hybrid=True --conv_type=gcn --aggregation_fn=local --train_time=200 --embed_opt=True --hidden_size=169 --name=GCN_5hp_2r2b_NOOPT_SEED7 --seed 7
starting exp parametrized by: python3 train.py --n_red=2 --n_blue=2 --init_health=5 --model=gnn --is_hybrid=True --conv_type=gcn --aggregation_fn=local --train_time=200 --embed_opt=True --hidden_size=169 --name=GCN_5hp_2r2b_NOOPT_SEED8 --seed 8
starting exp parametrized by: python3 train.py --n_red=2 --n_blue=2 --init_health=5 --model=gnn --is_hybrid=True --conv_type=gcn --aggregation_fn=local --train_time=200 --embed_opt=True --hidden_size=169 --name=GCN_5hp_2r2b_NOOPT_SEED9 --seed 9
starting exp parametrized by: python3 train.py --n_red=2 --n_blue=2 --init_health=5 --model=gnn --is_hybrid=True --conv_type=gcn --aggregation_fn=local --train_time=200 --embed_opt=True --hidden_size=169 --name=GCN_5hp_2r2b_OPT_SEED0 --seed 0
starting exp parametrized by: python3 train.py --n_red=2 --n_blue=2 --init_health=5 --model=gnn --is_hybrid=True --conv_type=gcn --aggregation_fn=local --train_time=200 --embed_opt=True --hidden_size=169 --name=GCN_5hp_2r2b_OPT_SEED1 --seed 1
starting exp parametrized by: python3 train.py --n_red=2 --n_blue=2 --init_health=5 --model=gnn --is_hybrid=True --conv_type=gcn --aggregation_fn=local --train_time=200 --embed_opt=True --hidden_size=169 --name=GCN_5hp_2r2b_OPT_SEED2 --seed 2
starting exp parametrized by: python3 train.py --n_red=2 --n_blue=2 --init_health=5 --model=gnn --is_hybrid=True --conv_type=gcn --aggregation_fn=local --train_time=200 --embed_opt=True --hidden_size=169 --name=GCN_5hp_2r2b_OPT_SEED3 --seed 3
starting exp parametrized by: python3 train.py --n_red=2 --n_blue=2 --init_health=5 --model=gnn --is_hybrid=True --conv_type=gcn --aggregation_fn=local --train_time=200 --embed_opt=True --hidden_size=169 --name=GCN_5hp_2r2b_OPT_SEED4 --seed 4
starting exp parametrized by: python3 train.py --n_red=2 --n_blue=2 --init_health=5 --model=gnn --is_hybrid=True --conv_type=gcn --aggregation_fn=local --train_time=200 --embed_opt=True --hidden_size=169 --name=GCN_5hp_2r2b_OPT_SEED5 --seed 5
